<?xml version="1.0" encoding="UTF-8"?>
<testsuite xmlns:xsi="http://www.w3.org/2001/XMLSchema-instance" xsi:noNamespaceSchemaLocation="https://maven.apache.org/surefire/maven-surefire-plugin/xsd/surefire-test-report.xsd" version="3.0.2" name="io.github.gustacodes.eurekaserver.EurekaserverApplicationTests" time="8.081" tests="1" errors="0" skipped="0" failures="0">
  <properties>
[...]
</properties>
  <testcase name="contextLoads" classname="io.github.gustacodes.eurekaserver.EurekaserverApplicationTests" time="1.012">
    <system-out><![CDATA[17:33:47.564 [main] INFO org.springframework.test.context.support.AnnotationConfigContextLoaderUtils -- Could not detect default configuration classes for test class [io.github.gustacodes.eurekaserver.EurekaserverApplicationTests]: EurekaserverApplicationTests does not declare any static, non-private, non-final, nested classes annotated with @Configuration.
17:33:47.723 [main] INFO org.springframework.boot.test.context.SpringBootTestContextBootstrapper -- Found @SpringBootConfiguration io.github.gustacodes.eurekaserver.EurekaserverApplication for test class io.github.gustacodes.eurekaserver.EurekaserverApplicationTests

  .   ____          _            __ _ _
 /\\ / ___'_ __ _ _(_)_ __  __ _ \ \ \ \
( ( )\___ | '_ | '_| | '_ \/ _` | \ \ \ \
 \\/  ___)| |_)| | | | | || (_| |  ) ) ) )
  '  |____| .__|_| |_|_| |_\__, | / / / /
 =========|_|==============|___/=/_/_/_/

 :: Spring Boot ::                (v3.5.0)

2025-10-16T17:33:48.880-03:00  INFO 8104 --- [eurekaserver] [           main] i.g.g.e.EurekaserverApplicationTests     : Starting EurekaserverApplicationTests using Java 17.0.12 with PID 8104 (started by gusta in C:\Users\gusta\Documents\fleche\eureka-server)
2025-10-16T17:33:48.882-03:00  INFO 8104 --- [eurekaserver] [           main] i.g.g.e.EurekaserverApplicationTests     : No active profile set, falling back to 1 default profile: "default"
2025-10-16T17:33:50.862-03:00  INFO 8104 --- [eurekaserver] [           main] o.s.cloud.context.scope.GenericScope     : BeanFactory id=00a09e60-b247-3a2f-a9f9-5985bf490fc9
2025-10-16T17:33:52.040-03:00  INFO 8104 --- [eurekaserver] [           main] o.s.b.a.e.web.EndpointLinksResolver      : Exposing 1 endpoint beneath base path '/actuator'
2025-10-16T17:33:52.167-03:00  INFO 8104 --- [eurekaserver] [           main] r$InitializeUserDetailsManagerConfigurer : Global AuthenticationManager configured with UserDetailsService bean with name inMemoryUserDetailsManager
2025-10-16T17:33:52.343-03:00  WARN 8104 --- [eurekaserver] [           main] .c.a.w.b.WebSecurityFilterChainValidator : Usage of authorizeRequests is deprecated. Please use authorizeHttpRequests in the configuration
2025-10-16T17:33:52.343-03:00  WARN 8104 --- [eurekaserver] [           main] .c.a.w.b.WebSecurityFilterChainValidator : Usage of authorizeRequests is deprecated. Please use authorizeHttpRequests in the configuration
2025-10-16T17:33:52.346-03:00  WARN 8104 --- [eurekaserver] [           main] .c.a.w.b.WebSecurityFilterChainValidator : Usage of authorizeRequests is deprecated. Please use authorizeHttpRequests in the configuration
2025-10-16T17:33:52.348-03:00  WARN 8104 --- [eurekaserver] [           main] .c.a.w.b.WebSecurityFilterChainValidator : Usage of authorizeRequests is deprecated. Please use authorizeHttpRequests in the configuration
2025-10-16T17:33:52.462-03:00  INFO 8104 --- [eurekaserver] [           main] o.s.v.b.OptionalValidatorFactoryBean     : Failed to set up a Bean Validation provider: jakarta.validation.NoProviderFoundException: Unable to create a Configuration, because no Jakarta Bean Validation provider could be found. Add a provider like Hibernate Validator (RI) to your classpath.
2025-10-16T17:33:53.284-03:00  WARN 8104 --- [eurekaserver] [           main] iguration$LoadBalancerCaffeineWarnLogger : Spring Cloud LoadBalancer is currently working with the default cache. While this cache implementation is useful for development and tests, it's recommended to use Caffeine cache in production.You can switch to using Caffeine cache, by adding it and org.springframework.cache.caffeine.CaffeineCacheManager to the classpath.
2025-10-16T17:33:53.583-03:00  INFO 8104 --- [eurekaserver] [           main] o.s.c.n.eureka.InstanceInfoFactory       : Setting initial instance status as: STARTING
2025-10-16T17:33:53.617-03:00  INFO 8104 --- [eurekaserver] [           main] com.netflix.discovery.DiscoveryClient    : Initializing Eureka in region us-east-1
2025-10-16T17:33:53.619-03:00  INFO 8104 --- [eurekaserver] [           main] com.netflix.discovery.DiscoveryClient    : Client configured to neither register nor query for data.
2025-10-16T17:33:53.622-03:00  INFO 8104 --- [eurekaserver] [           main] com.netflix.discovery.DiscoveryClient    : Discovery Client initialized at timestamp 1760646833620 with initial instances count: 0
2025-10-16T17:33:53.681-03:00  INFO 8104 --- [eurekaserver] [           main] c.n.eureka.DefaultEurekaServerContext    : Initializing ...
2025-10-16T17:33:53.683-03:00  INFO 8104 --- [eurekaserver] [           main] c.n.eureka.cluster.PeerEurekaNodes       : Adding new peer nodes [http://localhost:8761/eureka/]
2025-10-16T17:33:53.848-03:00  INFO 8104 --- [eurekaserver] [           main] c.n.d.provider.DiscoveryJerseyProvider   : Using JSON encoding codec LegacyJacksonJson
2025-10-16T17:33:53.848-03:00  INFO 8104 --- [eurekaserver] [           main] c.n.d.provider.DiscoveryJerseyProvider   : Using JSON decoding codec LegacyJacksonJson
2025-10-16T17:33:53.848-03:00  INFO 8104 --- [eurekaserver] [           main] c.n.d.provider.DiscoveryJerseyProvider   : Using XML encoding codec XStreamXml
2025-10-16T17:33:53.848-03:00  INFO 8104 --- [eurekaserver] [           main] c.n.d.provider.DiscoveryJerseyProvider   : Using XML decoding codec XStreamXml
2025-10-16T17:33:53.989-03:00  INFO 8104 --- [eurekaserver] [           main] c.n.eureka.cluster.PeerEurekaNodes       : Replica node URL:  http://localhost:8761/eureka/
2025-10-16T17:33:54.004-03:00  INFO 8104 --- [eurekaserver] [           main] c.n.e.registry.AbstractInstanceRegistry  : Finished initializing remote region registries. All known remote regions: []
2025-10-16T17:33:54.005-03:00  INFO 8104 --- [eurekaserver] [           main] c.n.eureka.DefaultEurekaServerContext    : Initialized
2025-10-16T17:33:54.291-03:00  INFO 8104 --- [eurekaserver] [           main] o.s.c.n.e.s.EurekaServiceRegistry        : Registering application EUREKASERVER with eureka with status UP
2025-10-16T17:33:54.327-03:00  INFO 8104 --- [eurekaserver] [      Thread-10] o.s.c.n.e.server.EurekaServerBootstrap   : isAws returned false
2025-10-16T17:33:54.328-03:00  INFO 8104 --- [eurekaserver] [      Thread-10] o.s.c.n.e.server.EurekaServerBootstrap   : Initialized server context
2025-10-16T17:33:54.329-03:00  INFO 8104 --- [eurekaserver] [      Thread-10] c.n.e.r.PeerAwareInstanceRegistryImpl    : Got 1 instances from neighboring DS node
2025-10-16T17:33:54.329-03:00  INFO 8104 --- [eurekaserver] [      Thread-10] c.n.e.r.PeerAwareInstanceRegistryImpl    : Renew threshold is: 1
2025-10-16T17:33:54.329-03:00  INFO 8104 --- [eurekaserver] [      Thread-10] c.n.e.r.PeerAwareInstanceRegistryImpl    : Changing status to UP
2025-10-16T17:33:54.335-03:00  INFO 8104 --- [eurekaserver] [      Thread-10] e.s.EurekaServerInitializerConfiguration : Started Eureka Server
2025-10-16T17:33:54.347-03:00  INFO 8104 --- [eurekaserver] [           main] i.g.g.e.EurekaserverApplicationTests     : Started EurekaserverApplicationTests in 6.171 seconds (process running for 7.853)
]]></system-out>
  </testcase>
</testsuite>