<?xml version="1.0" encoding="UTF-8"?>
<testsuite xmlns:xsi="http://www.w3.org/2001/XMLSchema-instance" xsi:noNamespaceSchemaLocation="https://maven.apache.org/surefire/maven-surefire-plugin/xsd/surefire-test-report-3.0.xsd" version="3.0" name="io.github.gustacodes.mscloudgateway.FlechGatewayApplicationTests" time="7.015" tests="1" errors="0" skipped="0" failures="0">
  <properties>
[...]
</properties>
  <testcase name="contextLoads" classname="io.github.gustacodes.mscloudgateway.FlechGatewayApplicationTests" time="1.058">
    <system-out><![CDATA[08:59:12.576 [main] INFO org.springframework.test.context.support.AnnotationConfigContextLoaderUtils -- Could not detect default configuration classes for test class [io.github.gustacodes.mscloudgateway.FlechGatewayApplicationTests]: FlechGatewayApplicationTests does not declare any static, non-private, non-final, nested classes annotated with @Configuration.
08:59:12.714 [main] INFO org.springframework.boot.test.context.SpringBootTestContextBootstrapper -- Found @SpringBootConfiguration io.github.gustacodes.mscloudgateway.FlechGatewayApplication for test class io.github.gustacodes.mscloudgateway.FlechGatewayApplicationTests

  .   ____          _            __ _ _
 /\\ / ___'_ __ _ _(_)_ __  __ _ \ \ \ \
( ( )\___ | '_ | '_| | '_ \/ _` | \ \ \ \
 \\/  ___)| |_)| | | | | || (_| |  ) ) ) )
  '  |____| .__|_| |_|_| |_\__, | / / / /
 =========|_|==============|___/=/_/_/_/

 :: Spring Boot ::               (v3.3.10)

2025-10-17T08:59:13.533-03:00  INFO 18504 --- [fleche-gateway] [           main] i.g.g.m.FlechGatewayApplicationTests     : Starting FlechGatewayApplicationTests using Java 17.0.12 with PID 18504 (started by gusta in C:\Users\gusta\Documents\fleche\fleche-gateway)
2025-10-17T08:59:13.536-03:00  INFO 18504 --- [fleche-gateway] [           main] i.g.g.m.FlechGatewayApplicationTests     : No active profile set, falling back to 1 default profile: "default"
2025-10-17T08:59:15.225-03:00  INFO 18504 --- [fleche-gateway] [           main] o.s.cloud.context.scope.GenericScope     : BeanFactory id=38c29ce6-30e7-316b-a26e-49646d4738c8
2025-10-17T08:59:16.698-03:00  INFO 18504 --- [fleche-gateway] [           main] o.s.c.g.r.RouteDefinitionRouteLocator    : Loaded RoutePredicateFactory [After]
2025-10-17T08:59:16.698-03:00  INFO 18504 --- [fleche-gateway] [           main] o.s.c.g.r.RouteDefinitionRouteLocator    : Loaded RoutePredicateFactory [Before]
2025-10-17T08:59:16.699-03:00  INFO 18504 --- [fleche-gateway] [           main] o.s.c.g.r.RouteDefinitionRouteLocator    : Loaded RoutePredicateFactory [Between]
2025-10-17T08:59:16.699-03:00  INFO 18504 --- [fleche-gateway] [           main] o.s.c.g.r.RouteDefinitionRouteLocator    : Loaded RoutePredicateFactory [Cookie]
2025-10-17T08:59:16.699-03:00  INFO 18504 --- [fleche-gateway] [           main] o.s.c.g.r.RouteDefinitionRouteLocator    : Loaded RoutePredicateFactory [Header]
2025-10-17T08:59:16.699-03:00  INFO 18504 --- [fleche-gateway] [           main] o.s.c.g.r.RouteDefinitionRouteLocator    : Loaded RoutePredicateFactory [Host]
2025-10-17T08:59:16.699-03:00  INFO 18504 --- [fleche-gateway] [           main] o.s.c.g.r.RouteDefinitionRouteLocator    : Loaded RoutePredicateFactory [Method]
2025-10-17T08:59:16.699-03:00  INFO 18504 --- [fleche-gateway] [           main] o.s.c.g.r.RouteDefinitionRouteLocator    : Loaded RoutePredicateFactory [Path]
2025-10-17T08:59:16.700-03:00  INFO 18504 --- [fleche-gateway] [           main] o.s.c.g.r.RouteDefinitionRouteLocator    : Loaded RoutePredicateFactory [Query]
2025-10-17T08:59:16.700-03:00  INFO 18504 --- [fleche-gateway] [           main] o.s.c.g.r.RouteDefinitionRouteLocator    : Loaded RoutePredicateFactory [ReadBody]
2025-10-17T08:59:16.700-03:00  INFO 18504 --- [fleche-gateway] [           main] o.s.c.g.r.RouteDefinitionRouteLocator    : Loaded RoutePredicateFactory [RemoteAddr]
2025-10-17T08:59:16.700-03:00  INFO 18504 --- [fleche-gateway] [           main] o.s.c.g.r.RouteDefinitionRouteLocator    : Loaded RoutePredicateFactory [XForwardedRemoteAddr]
2025-10-17T08:59:16.700-03:00  INFO 18504 --- [fleche-gateway] [           main] o.s.c.g.r.RouteDefinitionRouteLocator    : Loaded RoutePredicateFactory [Weight]
2025-10-17T08:59:16.700-03:00  INFO 18504 --- [fleche-gateway] [           main] o.s.c.g.r.RouteDefinitionRouteLocator    : Loaded RoutePredicateFactory [CloudFoundryRouteService]
2025-10-17T08:59:17.219-03:00  INFO 18504 --- [fleche-gateway] [           main] DiscoveryClientOptionalArgsConfiguration : Eureka HTTP Client uses RestTemplate.
2025-10-17T08:59:17.260-03:00  WARN 18504 --- [fleche-gateway] [           main] iguration$LoadBalancerCaffeineWarnLogger : Spring Cloud LoadBalancer is currently working with the default cache. While this cache implementation is useful for development and tests, it's recommended to use Caffeine cache in production.You can switch to using Caffeine cache, by adding it and org.springframework.cache.caffeine.CaffeineCacheManager to the classpath.
2025-10-17T08:59:17.309-03:00  INFO 18504 --- [fleche-gateway] [           main] o.s.c.n.eureka.InstanceInfoFactory       : Setting initial instance status as: STARTING
2025-10-17T08:59:17.346-03:00  INFO 18504 --- [fleche-gateway] [           main] com.netflix.discovery.DiscoveryClient    : Initializing Eureka in region us-east-1
2025-10-17T08:59:17.355-03:00  INFO 18504 --- [fleche-gateway] [           main] c.n.d.s.r.aws.ConfigClusterResolver      : Resolving eureka endpoints via configuration
2025-10-17T08:59:17.369-03:00  INFO 18504 --- [fleche-gateway] [           main] com.netflix.discovery.DiscoveryClient    : Disable delta property : false
2025-10-17T08:59:17.369-03:00  INFO 18504 --- [fleche-gateway] [           main] com.netflix.discovery.DiscoveryClient    : Single vip registry refresh property : null
2025-10-17T08:59:17.370-03:00  INFO 18504 --- [fleche-gateway] [           main] com.netflix.discovery.DiscoveryClient    : Force full registry fetch : false
2025-10-17T08:59:17.370-03:00  INFO 18504 --- [fleche-gateway] [           main] com.netflix.discovery.DiscoveryClient    : Application is null : false
2025-10-17T08:59:17.370-03:00  INFO 18504 --- [fleche-gateway] [           main] com.netflix.discovery.DiscoveryClient    : Registered Applications size is zero : true
2025-10-17T08:59:17.370-03:00  INFO 18504 --- [fleche-gateway] [           main] com.netflix.discovery.DiscoveryClient    : Application version is -1: true
2025-10-17T08:59:17.370-03:00  INFO 18504 --- [fleche-gateway] [           main] com.netflix.discovery.DiscoveryClient    : Getting all instance registry info from the eureka server
2025-10-17T08:59:18.086-03:00  INFO 18504 --- [fleche-gateway] [           main] com.netflix.discovery.DiscoveryClient    : The response status is 200
2025-10-17T08:59:18.089-03:00  INFO 18504 --- [fleche-gateway] [           main] com.netflix.discovery.DiscoveryClient    : Starting heartbeat executor: renew interval is: 30
2025-10-17T08:59:18.092-03:00  INFO 18504 --- [fleche-gateway] [           main] c.n.discovery.InstanceInfoReplicator     : InstanceInfoReplicator onDemand update allowed rate per min is 4
2025-10-17T08:59:18.095-03:00  INFO 18504 --- [fleche-gateway] [           main] com.netflix.discovery.DiscoveryClient    : Discovery Client initialized at timestamp 1760702358094 with initial instances count: 2
2025-10-17T08:59:18.100-03:00  INFO 18504 --- [fleche-gateway] [           main] o.s.c.n.e.s.EurekaServiceRegistry        : Registering application FLECHE-GATEWAY with eureka with status UP
2025-10-17T08:59:18.100-03:00  INFO 18504 --- [fleche-gateway] [           main] com.netflix.discovery.DiscoveryClient    : Saw local status change event StatusChangeEvent [timestamp=1760702358100, current=UP, previous=STARTING]
2025-10-17T08:59:18.108-03:00  INFO 18504 --- [fleche-gateway] [foReplicator-%d] com.netflix.discovery.DiscoveryClient    : DiscoveryClient_FLECHE-GATEWAY/GUSTAVO.bbrouter:fleche-gateway:8080: registering service...
2025-10-17T08:59:18.293-03:00  INFO 18504 --- [fleche-gateway] [           main] i.g.g.m.FlechGatewayApplicationTests     : Started FlechGatewayApplicationTests in 5.326 seconds (process running for 6.789)
2025-10-17T08:59:18.382-03:00  INFO 18504 --- [fleche-gateway] [foReplicator-%d] com.netflix.discovery.DiscoveryClient    : DiscoveryClient_FLECHE-GATEWAY/GUSTAVO.bbrouter:fleche-gateway:8080 - registration status: 204
]]></system-out>
  </testcase>
</testsuite>